[I 2025-09-26 04:04:20,576] Trial 0 finished with value: 0.0006470782012854178 and parameters: {'n_estimators': 218, 'max_samples': 0.9753571532049581, 'max_features': 0.8659969709057025, 'contamination': 0.30334265725654797}. Best is trial 0 with value: 0.0006470782012854178.
[I 2025-09-26 04:04:33,323] Trial 1 finished with value: 0.0006029025400152385 and parameters: {'n_estimators': 120, 'max_samples': 0.5779972601681014, 'max_features': 0.5290418060840998, 'contamination': 0.4344263114297182}. Best is trial 0 with value: 0.0006470782012854178.
[I 2025-09-26 04:05:16,688] Trial 2 finished with value: 0.0005698733085776805 and parameters: {'n_estimators': 321, 'max_samples': 0.8540362888980227, 'max_features': 0.5102922471479012, 'contamination': 0.48525582755937724}. Best is trial 0 with value: 0.0006470782012854178.
[I 2025-09-26 04:06:01,180] Trial 3 finished with value: 0.0005808684509921166 and parameters: {'n_estimators': 425, 'max_samples': 0.6061695553391381, 'max_features': 0.5909124836035503, 'contamination': 0.09986820982818256}. Best is trial 0 with value: 0.0006470782012854178.
[I 2025-09-26 04:06:24,503] Trial 4 finished with value: 0.0006413456528741424 and parameters: {'n_estimators': 187, 'max_samples': 0.762378215816119, 'max_features': 0.7159725093210578, 'contamination': 0.15270227869704053}. Best is trial 0 with value: 0.0006470782012854178.
[I 2025-09-26 04:06:57,921] Trial 5 finished with value: 0.0006102895806077593 and parameters: {'n_estimators': 325, 'max_samples': 0.569746930326021, 'max_features': 0.6460723242676091, 'contamination': 0.18951730321390894}. Best is trial 0 with value: 0.0006470782012854178.
[I 2025-09-26 04:07:31,650] Trial 6 finished with value: 0.0005830748712031248 and parameters: {'n_estimators': 255, 'max_samples': 0.8925879806965068, 'max_features': 0.5998368910791798, 'contamination': 0.2619748748226697}. Best is trial 0 with value: 0.0006470782012854178.
[I 2025-09-26 04:08:03,874] Trial 7 finished with value: 0.0006545555468137014 and parameters: {'n_estimators': 317, 'max_samples': 0.5232252063599989, 'max_features': 0.8037724259507192, 'contamination': 0.09355682060677284}. Best is trial 7 with value: 0.0006545555468137014.
[I 2025-09-26 04:08:15,049] Trial 8 finished with value: 0.0006856758197526836 and parameters: {'n_estimators': 79, 'max_samples': 0.9744427686266666, 'max_features': 0.9828160165372797, 'contamination': 0.40611470057706595}. Best is trial 8 with value: 0.0006856758197526836.
[I 2025-09-26 04:08:35,071] Trial 9 finished with value: 0.0006661042752719513 and parameters: {'n_estimators': 187, 'max_samples': 0.5488360570031919, 'max_features': 0.8421165132560784, 'contamination': 0.22567472193240465}. Best is trial 8 with value: 0.0006856758197526836.
[I 2025-09-26 04:08:42,574] Trial 10 finished with value: 0.0007440614709706976 and parameters: {'n_estimators': 59, 'max_samples': 0.7366636607273342, 'max_features': 0.9847685553939328, 'contamination': 0.3577235247267806}. Best is trial 10 with value: 0.0007440614709706976.
[I 2025-09-26 04:08:49,529] Trial 11 finished with value: 0.0007643558425184725 and parameters: {'n_estimators': 56, 'max_samples': 0.7008323970783505, 'max_features': 0.993551055264076, 'contamination': 0.38292347917986735}. Best is trial 11 with value: 0.0007643558425184725.
[I 2025-09-26 04:08:58,193] Trial 12 finished with value: 0.0007595227320357698 and parameters: {'n_estimators': 65, 'max_samples': 0.6898021217101117, 'max_features': 0.9979227931587143, 'contamination': 0.34295131109374866}. Best is trial 11 with value: 0.0007643558425184725.
[I 2025-09-26 04:09:14,828] Trial 13 finished with value: 0.000737291629391892 and parameters: {'n_estimators': 125, 'max_samples': 0.6984286692313313, 'max_features': 0.9303821713847744, 'contamination': 0.33732763805583}. Best is trial 11 with value: 0.0007643558425184725.
[I 2025-09-26 04:10:13,324] Trial 14 finished with value: 0.0006887462231392526 and parameters: {'n_estimators': 470, 'max_samples': 0.6816264425521965, 'max_features': 0.9112320253004814, 'contamination': 0.38265694396977995}. Best is trial 11 with value: 0.0007643558425184725.
[I 2025-09-26 04:10:26,917] Trial 15 finished with value: 0.000625842557310479 and parameters: {'n_estimators': 123, 'max_samples': 0.6549744824578159, 'max_features': 0.7615938881437798, 'contamination': 0.28690077775191236}. Best is trial 11 with value: 0.0007643558425184725.
[I 2025-09-26 04:10:34,945] Trial 16 finished with value: 0.0007441799117485184 and parameters: {'n_estimators': 62, 'max_samples': 0.7865988666480024, 'max_features': 0.9960160005120227, 'contamination': 0.4980481005562434}. Best is trial 11 with value: 0.0007643558425184725.
[I 2025-09-26 04:10:55,260] Trial 17 finished with value: 0.0006812600566372248 and parameters: {'n_estimators': 157, 'max_samples': 0.8304278626461433, 'max_features': 0.9049830638482713, 'contamination': 0.4156041371076483}. Best is trial 11 with value: 0.0007643558425184725.
[I 2025-09-26 04:11:23,507] Trial 18 finished with value: 0.0006555543777920235 and parameters: {'n_estimators': 250, 'max_samples': 0.6207774664901697, 'max_features': 0.9367807919637237, 'contamination': 0.3258901057813619}. Best is trial 11 with value: 0.0007643558425184725.
[I 2025-09-26 04:12:10,024] Trial 19 finished with value: 0.0006594260743538543 and parameters: {'n_estimators': 379, 'max_samples': 0.7425435920051384, 'max_features': 0.7143367436378059, 'contamination': 0.4572941123100553}. Best is trial 11 with value: 0.0007643558425184725.
[I 2025-09-26 04:12:20,242] Trial 20 finished with value: 0.0006725532498589198 and parameters: {'n_estimators': 89, 'max_samples': 0.6446926911519499, 'max_features': 0.8497161858461229, 'contamination': 0.2328815083631075}. Best is trial 11 with value: 0.0007643558425184725.
[I 2025-09-26 04:12:27,959] Trial 21 finished with value: 0.0007181666977099344 and parameters: {'n_estimators': 59, 'max_samples': 0.7985570983613564, 'max_features': 0.9986370058497689, 'contamination': 0.4849422275038717}. Best is trial 11 with value: 0.0007643558425184725.
[I 2025-09-26 04:12:40,559] Trial 22 finished with value: 0.0007306455521291447 and parameters: {'n_estimators': 101, 'max_samples': 0.7135072056506403, 'max_features': 0.9479799489496744, 'contamination': 0.36336002277368934}. Best is trial 11 with value: 0.0007643558425184725.
[I 2025-09-26 04:12:47,147] Trial 23 finished with value: 0.000769164087491571 and parameters: {'n_estimators': 51, 'max_samples': 0.7874310832831336, 'max_features': 0.8870034663073433, 'contamination': 0.020247647576867867}. Best is trial 23 with value: 0.000769164087491571.
[I 2025-09-26 04:13:08,065] Trial 24 finished with value: 0.0006667883543881171 and parameters: {'n_estimators': 156, 'max_samples': 0.89951934417331, 'max_features': 0.8818736974574264, 'contamination': 0.06469415937584799}. Best is trial 23 with value: 0.000769164087491571.
[I 2025-09-26 04:13:14,039] Trial 25 finished with value: 0.000763549115405265 and parameters: {'n_estimators': 50, 'max_samples': 0.6707750474677461, 'max_features': 0.8100744538922787, 'contamination': 0.15890267307683031}. Best is trial 23 with value: 0.000769164087491571.
[I 2025-09-26 04:13:33,849] Trial 26 finished with value: 0.000660192016634458 and parameters: {'n_estimators': 152, 'max_samples': 0.818239157670756, 'max_features': 0.7960071562258569, 'contamination': 0.019219062308533652}. Best is trial 23 with value: 0.000769164087491571.
[I 2025-09-26 04:13:47,042] Trial 27 finished with value: 0.0006769679823336888 and parameters: {'n_estimators': 105, 'max_samples': 0.7724454136224089, 'max_features': 0.8180382705067444, 'contamination': 0.14469457200823557}. Best is trial 23 with value: 0.000769164087491571.
[I 2025-09-26 04:14:10,165] Trial 28 finished with value: 0.0007001349007365674 and parameters: {'n_estimators': 192, 'max_samples': 0.6617601658818751, 'max_features': 0.7551351721765365, 'contamination': 0.02062580123716512}. Best is trial 23 with value: 0.000769164087491571.
[I 2025-09-26 04:14:16,651] Trial 29 finished with value: 0.0007448519890401959 and parameters: {'n_estimators': 52, 'max_samples': 0.7165424993556233, 'max_features': 0.8627714831811073, 'contamination': 0.17560978716460013}. Best is trial 23 with value: 0.000769164087491571.
[I 2025-09-26 04:14:45,198] Trial 30 finished with value: 0.0006493174438352242 and parameters: {'n_estimators': 216, 'max_samples': 0.862134864740041, 'max_features': 0.8878618243104659, 'contamination': 0.060338589807630474}. Best is trial 23 with value: 0.000769164087491571.
[I 2025-09-26 04:14:55,012] Trial 31 finished with value: 0.0007484125429373003 and parameters: {'n_estimators': 77, 'max_samples': 0.6938251201066451, 'max_features': 0.9565084855507033, 'contamination': 0.2918512798776458}. Best is trial 23 with value: 0.000769164087491571.
[I 2025-09-26 04:15:08,512] Trial 32 finished with value: 0.0006863095746211479 and parameters: {'n_estimators': 122, 'max_samples': 0.614562195944218, 'max_features': 0.9523078905779021, 'contamination': 0.3218295072932178}. Best is trial 23 with value: 0.000769164087491571.
[I 2025-09-26 04:15:19,869] Trial 33 finished with value: 0.0006984849752319531 and parameters: {'n_estimators': 91, 'max_samples': 0.7364342789797096, 'max_features': 0.912544878546924, 'contamination': 0.3935877775560427}. Best is trial 23 with value: 0.000769164087491571.
[I 2025-09-26 04:15:36,203] Trial 34 finished with value: 0.0007099635740723233 and parameters: {'n_estimators': 135, 'max_samples': 0.6740131033298156, 'max_features': 0.8374000910675723, 'contamination': 0.44274497052403367}. Best is trial 23 with value: 0.000769164087491571.
[I 2025-09-26 04:15:42,134] Trial 35 finished with value: 0.0006619937802110502 and parameters: {'n_estimators': 53, 'max_samples': 0.6337469491445159, 'max_features': 0.9664142042502069, 'contamination': 0.11904942593976475}. Best is trial 23 with value: 0.000769164087491571.
[I 2025-09-26 04:15:51,591] Trial 36 finished with value: 0.0006370473591188225 and parameters: {'n_estimators': 87, 'max_samples': 0.5903352745245354, 'max_features': 0.7098988001656108, 'contamination': 0.21858483099446702}. Best is trial 23 with value: 0.000769164087491571.
[I 2025-09-26 04:16:05,143] Trial 37 finished with value: 0.0006532085693654973 and parameters: {'n_estimators': 109, 'max_samples': 0.7610634211043991, 'max_features': 0.6764684647643795, 'contamination': 0.2621337106244633}. Best is trial 23 with value: 0.000769164087491571.
[I 2025-09-26 04:16:22,803] Trial 38 finished with value: 0.000693660983268573 and parameters: {'n_estimators': 145, 'max_samples': 0.7168873809059076, 'max_features': 0.770917572836507, 'contamination': 0.05782042255059531}. Best is trial 23 with value: 0.000769164087491571.
[I 2025-09-26 04:16:40,841] Trial 39 finished with value: 0.0006691329241023806 and parameters: {'n_estimators': 170, 'max_samples': 0.5821480151986241, 'max_features': 0.8845638382191471, 'contamination': 0.12583490177194906}. Best is trial 23 with value: 0.000769164087491571.
[I 2025-09-26 04:17:48,789] Trial 40 finished with value: 0.0006341489519160957 and parameters: {'n_estimators': 500, 'max_samples': 0.9400131173613441, 'max_features': 0.7830631089604448, 'contamination': 0.18019678585930174}. Best is trial 23 with value: 0.000769164087491571.
[I 2025-09-26 04:17:57,357] Trial 41 finished with value: 0.0007411817530176914 and parameters: {'n_estimators': 69, 'max_samples': 0.6937807711417496, 'max_features': 0.972866921153339, 'contamination': 0.3023885614855747}. Best is trial 23 with value: 0.000769164087491571.
[I 2025-09-26 04:18:06,906] Trial 42 finished with value: 0.0007713001983001221 and parameters: {'n_estimators': 78, 'max_samples': 0.6768024554226014, 'max_features': 0.9605513583745284, 'contamination': 0.28890715058810235}. Best is trial 42 with value: 0.0007713001983001221.
[I 2025-09-26 04:18:16,492] Trial 43 finished with value: 0.0007647692008312853 and parameters: {'n_estimators': 79, 'max_samples': 0.6659869731492153, 'max_features': 0.9223065687117383, 'contamination': 0.3473380388053917}. Best is trial 42 with value: 0.0007713001983001221.
[I 2025-09-26 04:18:25,731] Trial 44 finished with value: 0.0006992869933948992 and parameters: {'n_estimators': 87, 'max_samples': 0.5456654894246099, 'max_features': 0.9258502817841735, 'contamination': 0.2672459009672062}. Best is trial 42 with value: 0.0007713001983001221.
[I 2025-09-26 04:18:31,127] Trial 45 finished with value: 0.0006148770632215211 and parameters: {'n_estimators': 50, 'max_samples': 0.6366055682592583, 'max_features': 0.5414403310742755, 'contamination': 0.20012413919845626}. Best is trial 42 with value: 0.0007713001983001221.
[I 2025-09-26 04:19:01,754] Trial 46 finished with value: 0.0006935054060017005 and parameters: {'n_estimators': 304, 'max_samples': 0.5001310561523564, 'max_features': 0.8288532787998741, 'contamination': 0.36680948539798264}. Best is trial 42 with value: 0.0007713001983001221.
[I 2025-09-26 04:19:47,068] Trial 47 finished with value: 0.0006986862365455932 and parameters: {'n_estimators': 379, 'max_samples': 0.6671436619099039, 'max_features': 0.8661818149495186, 'contamination': 0.3075943585991668}. Best is trial 42 with value: 0.0007713001983001221.
[I 2025-09-26 04:19:59,242] Trial 48 finished with value: 0.0006553924233831237 and parameters: {'n_estimators': 113, 'max_samples': 0.6009326462911033, 'max_features': 0.9040796171140927, 'contamination': 0.23946704572219796}. Best is trial 42 with value: 0.0007713001983001221.
[I 2025-09-26 04:20:09,017] Trial 49 finished with value: 0.0007216652082047089 and parameters: {'n_estimators': 76, 'max_samples': 0.7873574660071511, 'max_features': 0.9366605109616409, 'contamination': 0.42246864528471173}. Best is trial 42 with value: 0.0007713001983001221.
[I 2025-09-26 04:20:21,141] Trial 50 finished with value: 0.0007235032208509956 and parameters: {'n_estimators': 99, 'max_samples': 0.723708562431256, 'max_features': 0.9776070530798818, 'contamination': 0.3451755474940849}. Best is trial 42 with value: 0.0007713001983001221.
[I 2025-09-26 04:20:29,634] Trial 51 finished with value: 0.0007799846561036605 and parameters: {'n_estimators': 68, 'max_samples': 0.6825639301892434, 'max_features': 0.9643956310296281, 'contamination': 0.37999340095941003}. Best is trial 51 with value: 0.0007799846561036605.
[I 2025-09-26 04:20:39,205] Trial 52 finished with value: 0.000709876614863099 and parameters: {'n_estimators': 75, 'max_samples': 0.7524392732646884, 'max_features': 0.9247335333829836, 'contamination': 0.3852659265804344}. Best is trial 51 with value: 0.0007799846561036605.
[I 2025-09-26 04:20:55,010] Trial 53 finished with value: 0.0007236870258890002 and parameters: {'n_estimators': 131, 'max_samples': 0.6719411880706453, 'max_features': 0.9634110989870427, 'contamination': 0.4015641666979044}. Best is trial 51 with value: 0.0007799846561036605.
[I 2025-09-26 04:21:01,226] Trial 54 finished with value: 0.0006932568812116909 and parameters: {'n_estimators': 50, 'max_samples': 0.7042662337405978, 'max_features': 0.7357558357182638, 'contamination': 0.3742730412657495}. Best is trial 51 with value: 0.0007799846561036605.
[I 2025-09-26 04:21:09,494] Trial 55 finished with value: 0.0006657534710585797 and parameters: {'n_estimators': 73, 'max_samples': 0.6486842606937862, 'max_features': 0.9861274627207512, 'contamination': 0.32275340739035885}. Best is trial 51 with value: 0.0007799846561036605.
[I 2025-09-26 04:21:20,731] Trial 56 finished with value: 0.000668848034334094 and parameters: {'n_estimators': 101, 'max_samples': 0.6218434899051817, 'max_features': 0.9463032531118587, 'contamination': 0.35321602363134386}. Best is trial 51 with value: 0.0007799846561036605.
[I 2025-09-26 04:21:29,230] Trial 57 finished with value: 0.0007577068850513176 and parameters: {'n_estimators': 68, 'max_samples': 0.7334800247050499, 'max_features': 0.8990146887049728, 'contamination': 0.2830073696502099}. Best is trial 51 with value: 0.0007799846561036605.
[I 2025-09-26 04:21:43,517] Trial 58 finished with value: 0.0007256069946659031 and parameters: {'n_estimators': 118, 'max_samples': 0.6812325756414597, 'max_features': 0.924466846357332, 'contamination': 0.44470901760421233}. Best is trial 51 with value: 0.0007799846561036605.
[I 2025-09-26 04:22:16,868] Trial 59 finished with value: 0.0006696618729791327 and parameters: {'n_estimators': 265, 'max_samples': 0.7760175541214022, 'max_features': 0.8049187308621572, 'contamination': 0.4661187835712025}. Best is trial 51 with value: 0.0007799846561036605.
[I 2025-09-26 04:22:35,082] Trial 60 finished with value: 0.0006924595348440068 and parameters: {'n_estimators': 139, 'max_samples': 0.8159330266243936, 'max_features': 0.9845659956403601, 'contamination': 0.08577411603919488}. Best is trial 51 with value: 0.0007799846561036605.
[I 2025-09-26 04:22:45,866] Trial 61 finished with value: 0.000751770107497141 and parameters: {'n_estimators': 88, 'max_samples': 0.6900369074326214, 'max_features': 0.9999325411899133, 'contamination': 0.3292204290849065}. Best is trial 51 with value: 0.0007799846561036605.
[I 2025-09-26 04:22:52,946] Trial 62 finished with value: 0.0007028484155532918 and parameters: {'n_estimators': 63, 'max_samples': 0.6552364534832519, 'max_features': 0.9654494642453441, 'contamination': 0.37333572721030334}. Best is trial 51 with value: 0.0007799846561036605.
[I 2025-09-26 04:23:00,851] Trial 63 finished with value: 0.0007554014569300045 and parameters: {'n_estimators': 63, 'max_samples': 0.7068882522576797, 'max_features': 0.9460211390740313, 'contamination': 0.34567784665667456}. Best is trial 51 with value: 0.0007799846561036605.
[I 2025-09-26 04:23:19,767] Trial 64 finished with value: 0.0006370927849516262 and parameters: {'n_estimators': 174, 'max_samples': 0.6290103042905675, 'max_features': 0.8581804046058052, 'contamination': 0.4169050406017296}. Best is trial 51 with value: 0.0007799846561036605.
[I 2025-09-26 04:23:31,813] Trial 65 finished with value: 0.0007128819598555873 and parameters: {'n_estimators': 96, 'max_samples': 0.7499507208363847, 'max_features': 0.9862524726541891, 'contamination': 0.04050211929745896}. Best is trial 51 with value: 0.0007799846561036605.
[I 2025-09-26 04:23:41,416] Trial 66 finished with value: 0.0007345386813773355 and parameters: {'n_estimators': 78, 'max_samples': 0.6834666047376293, 'max_features': 0.9156663483659646, 'contamination': 0.24589204083453545}. Best is trial 51 with value: 0.0007799846561036605.
[I 2025-09-26 04:24:10,409] Trial 67 finished with value: 0.0006820085013427025 and parameters: {'n_estimators': 219, 'max_samples': 0.8479434027188815, 'max_features': 0.939206181646962, 'contamination': 0.3380856944816164}. Best is trial 51 with value: 0.0007799846561036605.
[I 2025-09-26 04:24:24,327] Trial 68 finished with value: 0.0006983562758173917 and parameters: {'n_estimators': 111, 'max_samples': 0.7285466869086646, 'max_features': 0.8767735907977774, 'contamination': 0.3073474946473082}. Best is trial 51 with value: 0.0007799846561036605.
[I 2025-09-26 04:24:32,368] Trial 69 finished with value: 0.0007585051075231355 and parameters: {'n_estimators': 65, 'max_samples': 0.6592703790512143, 'max_features': 0.9989928617224682, 'contamination': 0.15225772438344548}. Best is trial 51 with value: 0.0007799846561036605.
[I 2025-09-26 04:24:37,855] Trial 70 finished with value: 0.0007580947736980379 and parameters: {'n_estimators': 50, 'max_samples': 0.5628543603279945, 'max_features': 0.9506713354115256, 'contamination': 0.2825885947878676}. Best is trial 51 with value: 0.0007799846561036605.
[I 2025-09-26 04:24:47,896] Trial 71 finished with value: 0.0007530142754126123 and parameters: {'n_estimators': 83, 'max_samples': 0.6593807350380094, 'max_features': 0.972290344293084, 'contamination': 0.15933149471756047}. Best is trial 51 with value: 0.0007799846561036605.
[I 2025-09-26 04:24:55,052] Trial 72 finished with value: 0.0007231649431094388 and parameters: {'n_estimators': 64, 'max_samples': 0.6431278944879021, 'max_features': 0.9909270315731906, 'contamination': 0.20550742286569787}. Best is trial 51 with value: 0.0007799846561036605.
[I 2025-09-26 04:25:06,824] Trial 73 finished with value: 0.0007200576644594375 and parameters: {'n_estimators': 96, 'max_samples': 0.7034420488418157, 'max_features': 0.9647392278162545, 'contamination': 0.10034522376610823}. Best is trial 51 with value: 0.0007799846561036605.
[I 2025-09-26 04:25:13,693] Trial 74 finished with value: 0.0006751157189403566 and parameters: {'n_estimators': 62, 'max_samples': 0.6076629377275863, 'max_features': 0.999023778075236, 'contamination': 0.39537438203743447}. Best is trial 51 with value: 0.0007799846561036605.
[I 2025-09-26 04:25:23,531] Trial 75 finished with value: 0.0007749330021403759 and parameters: {'n_estimators': 81, 'max_samples': 0.669903120318236, 'max_features': 0.9593554502914515, 'contamination': 0.142255527139522}. Best is trial 51 with value: 0.0007799846561036605.
[I 2025-09-26 04:25:33,903] Trial 76 finished with value: 0.0007433020405422704 and parameters: {'n_estimators': 84, 'max_samples': 0.6813569206465643, 'max_features': 0.9559027508913451, 'contamination': 0.12816009591426564}. Best is trial 51 with value: 0.0007799846561036605.
[I 2025-09-26 04:25:49,305] Trial 77 finished with value: 0.0007226801867740056 and parameters: {'n_estimators': 124, 'max_samples': 0.7114343190099844, 'max_features': 0.9344793462148535, 'contamination': 0.27328412568845617}. Best is trial 51 with value: 0.0007799846561036605.
[I 2025-09-26 04:26:36,598] Trial 78 finished with value: 0.0006904545365713424 and parameters: {'n_estimators': 395, 'max_samples': 0.6932640206213845, 'max_features': 0.8988106460903198, 'contamination': 0.22139343933167116}. Best is trial 51 with value: 0.0007799846561036605.
