(rapids-25.08) douglas@douglas-IdeaPad-3-15ITL6:~/PycharmProjects/TrustShield$ make quick
make clean
make up
make cycle
make[1]: Entrando no diretório '/home/douglas/PycharmProjects/TrustShield'
DOCKER_BUILDKIT=1 COMPOSE_DOCKER_CLI_BUILD=1 docker compose -p trustshield -f docker/docker-compose.yml down --remove-orphans
[+] Running 7/7
 ✔ Container trustshield-dashboard      Removed                                                                                                                                                                                0.2s
 ✔ Container trustshield-api            Removed                                                                                                                                                                                1.2s
 ✔ Container trustshield-mlflow         Removed                                                                                                                                                                               10.2s
 ✔ Container trustshield-minio-init     Removed                                                                                                                                                                                0.0s
 ✔ Container trustshield-postgres       Removed                                                                                                                                                                                0.2s
 ✔ Container trustshield-minio          Removed                                                                                                                                                                                0.2s
 ✔ Network trustshield_trustshield-net  Removed                                                                                                                                                                                0.1s
vols=$(docker volume ls -q | grep -E '^trustshield_' || true); \
[ -n "$vols" ] && docker volume rm $vols || echo "Sem volumes nomeados para remover."
make cache-clean
trustshield_minio-data
trustshield_postgres-data
make[2]: Entrando no diretório '/home/douglas/PycharmProjects/TrustShield'
rm -f cache/data_cache.pkl
make[2]: Saindo do diretório '/home/douglas/PycharmProjects/TrustShield'
make[1]: Saindo do diretório '/home/douglas/PycharmProjects/TrustShield'
make[1]: Entrando no diretório '/home/douglas/PycharmProjects/TrustShield'
command -v docker >/dev/null 2>&1 || { echo "ERRO: docker não encontrado"; exit 1; }
docker compose version >/dev/null 2>&1 || { echo "ERRO: docker compose v2 não encontrado"; exit 1; }
[ -f docker/docker-compose.yml ] || { echo "ERRO: docker/docker-compose.yml não existe"; exit 1; }
DOCKER_BUILDKIT=1 COMPOSE_DOCKER_CLI_BUILD=1 docker compose -p trustshield -f docker/docker-compose.yml config >/dev/null || { echo "ERRO: 'docker compose config' falhou"; exit 1; }
echo "OK: pré-checagens passaram."
OK: pré-checagens passaram.
DOCKER_BUILDKIT=1 COMPOSE_DOCKER_CLI_BUILD=1 docker compose -p trustshield -f docker/docker-compose.yml build
WARN[0000] Docker Compose is configured to build using Bake, but buildx isn't installed
[+] Building 3.9s (34/34) FINISHED                                                                                                                                                                                   docker:default
 => [mlflow internal] load build definition from mlflow.Dockerfile                                                                                                                                                             0.0s
 => => transferring dockerfile: 213B                                                                                                                                                                                           0.0s
 => [mlflow internal] load metadata for ghcr.io/mlflow/mlflow:v3.3.1                                                                                                                                                           1.4s
 => [mlflow internal] load .dockerignore                                                                                                                                                                                       0.0s
 => => transferring context: 317B                                                                                                                                                                                              0.0s
 => [mlflow 1/2] FROM ghcr.io/mlflow/mlflow:v3.3.1@sha256:aa5d656e7d2d2bb737fcf2dca0e9b79a9471830dde9cd63daeaaa7da534c2e2f                                                                                                     0.0s
 => CACHED [mlflow 2/2] RUN apt-get update && apt-get install -y curl && rm -rf /var/lib/apt/lists/* && pip install prometheus-flask-exporter psycopg2-binary                                                                  0.0s
 => [mlflow] exporting to image                                                                                                                                                                                                0.0s
 => => exporting layers                                                                                                                                                                                                        0.0s
 => => writing image sha256:5b80d76b5490fa8c4667655cc76f4080eaecefa98fbf848ba56d34378c4ff5ca                                                                                                                                   0.0s
 => => naming to docker.io/library/trustshield-mlflow                                                                                                                                                                          0.0s
 => [mlflow] resolving provenance for metadata file                                                                                                                                                                            0.0s
 => [trustshield-api internal] load build definition from Dockerfile                                                                                                                                                           0.0s
 => => transferring dockerfile: 2.08kB                                                                                                                                                                                         0.0s
 => WARN: FromAsCasing: 'as' and 'FROM' keywords' casing do not match (line 8)                                                                                                                                                 0.0s
 => WARN: FromAsCasing: 'as' and 'FROM' keywords' casing do not match (line 26)                                                                                                                                                0.0s
 => [trustshield-dashboard internal] load metadata for docker.io/library/python:3.11-slim-bookworm                                                                                                                             2.3s
 => [trustshield-api internal] load .dockerignore                                                                                                                                                                              0.0s
 => => transferring context: 317B                                                                                                                                                                                              0.0s
 => [trustshield-api internal] load build context                                                                                                                                                                              0.0s
 => => transferring context: 4.11kB                                                                                                                                                                                            0.0s
 => [trustshield-dashboard 1/5] FROM docker.io/library/python:3.11-slim-bookworm@sha256:873f91540d53b36327ed4fb018c9669107a4e2a676719720edb4209c4b15d029                                                                       0.0s
 => CACHED [trustshield-api runtime 2/8] RUN apt-get update && apt-get install -y --no-install-recommends curl git && rm -rf /var/lib/apt/lists/*                                                                              0.0s
 => CACHED [trustshield-api runtime 3/8] RUN useradd -ms /bin/bash appuser                                                                                                                                                     0.0s
 => CACHED [trustshield-api runtime 4/8] WORKDIR /app                                                                                                                                                                          0.0s
 => CACHED [trustshield-api builder 2/5] RUN apt-get update && apt-get install -y --no-install-recommends build-essential gcc && rm -rf /var/lib/apt/lists/*                                                                   0.0s
 => CACHED [trustshield-api builder 3/5] WORKDIR /wheels                                                                                                                                                                       0.0s
 => CACHED [trustshield-api builder 4/5] COPY requirements.lock .                                                                                                                                                              0.0s
 => CACHED [trustshield-api builder 5/5] RUN python -m pip install --upgrade pip &&     python -m pip wheel -r requirements.lock --wheel-dir /wheels                                                                           0.0s
 => CACHED [trustshield-api runtime 5/8] COPY --from=builder /wheels /wheels                                                                                                                                                   0.0s
 => CACHED [trustshield-api runtime 6/8] RUN python -m pip install --no-index --find-links=/wheels -r /wheels/requirements.lock && rm -rf /wheels                                                                              0.0s
 => CACHED [trustshield-api runtime 7/8] COPY . /app                                                                                                                                                                           0.0s
 => CACHED [trustshield-api runtime 8/8] RUN chmod +x docker/entrypoint.sh && chown -R appuser:appuser /app                                                                                                                    0.0s
 => [trustshield-api] exporting to image                                                                                                                                                                                       0.0s
 => => exporting layers                                                                                                                                                                                                        0.0s
 => => writing image sha256:ac3df13d2b56c246fbff7b3dc64c88e78112c85660665fe171bd5528b29df595                                                                                                                                   0.0s
 => => naming to docker.io/library/trustshield-trustshield-api                                                                                                                                                                 0.0s
 => [trustshield-api] resolving provenance for metadata file                                                                                                                                                                   0.0s
 => [trustshield-dashboard internal] load build definition from dashboard.Dockerfile                                                                                                                                           0.0s
 => => transferring dockerfile: 624B                                                                                                                                                                                           0.0s
 => [trustshield-dashboard internal] load .dockerignore                                                                                                                                                                        0.0s
 => => transferring context: 317B                                                                                                                                                                                              0.0s
 => [trustshield-dashboard internal] load build context                                                                                                                                                                        0.0s
 => => transferring context: 4.11kB                                                                                                                                                                                            0.0s
 => CACHED [trustshield-dashboard 2/5] WORKDIR /app                                                                                                                                                                            0.0s
 => CACHED [trustshield-dashboard 3/5] COPY requirements.txt /app/requirements.txt                                                                                                                                             0.0s
 => CACHED [trustshield-dashboard 4/5] RUN python -m pip install --upgrade pip && python -m pip install -r /app/requirements.txt                                                                                               0.0s
 => CACHED [trustshield-dashboard 5/5] COPY . /app                                                                                                                                                                             0.0s
 => [trustshield-dashboard] exporting to image                                                                                                                                                                                 0.0s
 => => exporting layers                                                                                                                                                                                                        0.0s
 => => writing image sha256:7c58b4b769e1269b0b72968a0739d29c91d672724ba78f7a0cd011fbeb29c8cd                                                                                                                                   0.0s
 => => naming to docker.io/library/trustshield-trustshield-dashboard                                                                                                                                                           0.0s
 => [trustshield-dashboard] resolving provenance for metadata file                                                                                                                                                             0.0s
[+] Building 3/3
 ✔ mlflow                 Built                                                                                                                                                                                                0.0s
 ✔ trustshield-api        Built                                                                                                                                                                                                0.0s
 ✔ trustshield-dashboard  Built                                                                                                                                                                                                0.0s
DOCKER_BUILDKIT=1 COMPOSE_DOCKER_CLI_BUILD=1 docker compose -p trustshield -f docker/docker-compose.yml up -d
make wait
[+] Running 9/9
 ✔ Network trustshield_trustshield-net  Created                                                                                                                                                                                0.1s
 ✔ Volume "trustshield_postgres-data"   Created                                                                                                                                                                                0.0s
 ✔ Volume "trustshield_minio-data"      Created                                                                                                                                                                                0.0s
 ✔ Container trustshield-minio          Healthy                                                                                                                                                                               11.1s
 ✔ Container trustshield-postgres       Healthy                                                                                                                                                                               11.1s
 ✔ Container trustshield-minio-init     Exited                                                                                                                                                                                 7.4s
 ✔ Container trustshield-mlflow         Healthy                                                                                                                                                                               16.1s
 ✔ Container trustshield-api            Started                                                                                                                                                                               16.2s
 ✔ Container trustshield-dashboard      Started                                                                                                                                                                               16.4s
make[2]: Entrando no diretório '/home/douglas/PycharmProjects/TrustShield'
cid=$(DOCKER_BUILDKIT=1 COMPOSE_DOCKER_CLI_BUILD=1 docker compose -p trustshield -f docker/docker-compose.yml ps -q trustshield-api); \
[ -n "$cid" ] || { echo "ERRO: container da API não encontrado."; exit 1; }; \
for i in $(seq 1 60); do \
  s=$(docker inspect -f '{{.State.Health.Status}}' $cid 2>/dev/null || echo "unknown"); \
  echo "  tentativa $i: $s"; \
  [ "$s" = "healthy" ] && break; \
  sleep 2; \
done; \
[ "$s" = "healthy" ] || { echo "ERRO: API não ficou healthy a tempo."; exit 1; }; \
echo "Container está healthy. Esperando 2s..."; \
sleep 2; \
curl -fsS http://localhost:8000/healthz >/dev/null && echo "OK: /healthz"
  tentativa 1: starting
  tentativa 2: starting
  tentativa 3: starting
  tentativa 4: starting
  tentativa 5: starting
  tentativa 6: healthy
Container está healthy. Esperando 2s...
OK: /healthz
make[2]: Saindo do diretório '/home/douglas/PycharmProjects/TrustShield'
make[1]: Saindo do diretório '/home/douglas/PycharmProjects/TrustShield'
make[1]: Entrando no diretório '/home/douglas/PycharmProjects/TrustShield'
make data
make features
make train
make promote
make eval
make optimize
make validate
make interpret
make reload
make wait
make smoke
make[2]: Entrando no diretório '/home/douglas/PycharmProjects/TrustShield'
DOCKER_BUILDKIT=1 COMPOSE_DOCKER_CLI_BUILD=1 docker compose -p trustshield -f docker/docker-compose.yml exec trustshield-api /app/docker/entrypoint.sh python -m src.data.make_dataset
{"timestamp": "2025-09-26 02:22:13,212", "level": "INFO", "message": "Pipeline de cria\u00e7\u00e3o de dataset iniciado.", "module": "__main__"}
{"timestamp": "2025-09-26 02:22:13,212", "level": "INFO", "message": "Iniciando carregamento de dados do diret\u00f3rio: /app/data/raw", "module": "__main__"}
{"timestamp": "2025-09-26 02:22:28,326", "level": "INFO", "message": "Dados carregados com sucesso: 13305915 transa\u00e7\u00f5es, 2000 usu\u00e1rios, 109 c\u00f3digos MCC.", "module": "__main__"}
{"timestamp": "2025-09-26 02:22:28,326", "level": "INFO", "message": "Iniciando valida\u00e7\u00e3o de schema dos dados.", "module": "__main__"}
{"timestamp": "2025-09-26 02:22:28,326", "level": "INFO", "message": "Valida\u00e7\u00e3o de schema conclu\u00edda com sucesso.", "module": "__main__"}
{"timestamp": "2025-09-26 02:22:28,326", "level": "INFO", "message": "Iniciando a mesclagem dos datasets de transa\u00e7\u00f5es e usu\u00e1rios.", "module": "__main__"}
{"timestamp": "2025-09-26 02:22:34,888", "level": "INFO", "message": "Mesclagem conclu\u00edda. Dataset final possui 13305915 registros.", "module": "__main__"}
{"timestamp": "2025-09-26 02:22:34,888", "level": "INFO", "message": "Salvando dataset processado em: /app/data/processed", "module": "__main__"}
{"timestamp": "2025-09-26 02:22:47,119", "level": "INFO", "message": "Dataset salvo com sucesso em /app/data/processed/primary_dataset.parquet.", "module": "__main__"}
{"timestamp": "2025-09-26 02:22:47,120", "level": "INFO", "message": "Pipeline de cria\u00e7\u00e3o de dataset conclu\u00eddo com sucesso.", "module": "__main__"}
make[2]: Saindo do diretório '/home/douglas/PycharmProjects/TrustShield'
make[2]: Entrando no diretório '/home/douglas/PycharmProjects/TrustShield'
DOCKER_BUILDKIT=1 COMPOSE_DOCKER_CLI_BUILD=1 docker compose -p trustshield -f docker/docker-compose.yml exec trustshield-api /app/docker/entrypoint.sh python -m src.features.build_features
2025-09-26 02:22:48,567 - [TrustShield] - INFO - 🚀 Pipeline de engenharia de features iniciado.
2025-09-26 02:22:48,567 - [TrustShiel