[I 2025-09-26 04:26:49,410] Trial 79 finished with value: 0.0007453438281513537 and parameters: {'n_estimators': 107, 'max_samples': 0.6759756210166536, 'max_features': 0.9747531092319797, 'contamination': 0.3616678942889871}. Best is trial 51 with value: 0.0007799846561036605.
[I 2025-09-26 04:27:31,698] Trial 80 finished with value: 0.000669788508050457 and parameters: {'n_estimators': 342, 'max_samples': 0.7454992137691122, 'max_features': 0.8902181457112179, 'contamination': 0.03181764015181923}. Best is trial 51 with value: 0.0007799846561036605.
[I 2025-09-26 04:27:40,304] Trial 81 finished with value: 0.0007467562043227072 and parameters: {'n_estimators': 71, 'max_samples': 0.6614444074937141, 'max_features': 0.9804161008814042, 'contamination': 0.1509955517817184}. Best is trial 51 with value: 0.0007799846561036605.
[I 2025-09-26 04:27:46,836] Trial 82 finished with value: 0.0007001926647986058 and parameters: {'n_estimators': 58, 'max_samples': 0.6475420810857007, 'max_features': 0.9161891597366476, 'contamination': 0.1628368183156334}. Best is trial 51 with value: 0.0007799846561036605.
[I 2025-09-26 04:27:57,015] Trial 83 finished with value: 0.000731558369640241 and parameters: {'n_estimators': 82, 'max_samples': 0.7183644711611847, 'max_features': 0.9593976336903054, 'contamination': 0.09501429903950331}. Best is trial 51 with value: 0.0007799846561036605.
[I 2025-09-26 04:28:07,375] Trial 84 finished with value: 0.000598976558540046 and parameters: {'n_estimators': 96, 'max_samples': 0.634390438129293, 'max_features': 0.5971141921726786, 'contamination': 0.10986764079600664}. Best is trial 51 with value: 0.0007799846561036605.
[I 2025-09-26 04:28:16,173] Trial 85 finished with value: 0.0007646683330883229 and parameters: {'n_estimators': 71, 'max_samples': 0.6968723724414901, 'max_features': 0.9448634793025776, 'contamination': 0.0763327210135173}. Best is trial 51 with value: 0.0007799846561036605.
[I 2025-09-26 04:28:25,950] Trial 86 finished with value: 0.0007199759527965102 and parameters: {'n_estimators': 79, 'max_samples': 0.6967070025993038, 'max_features': 0.9307043126381227, 'contamination': 0.08358375809019553}. Best is trial 51 with value: 0.0007799846561036605.
[I 2025-09-26 04:28:32,524] Trial 87 finished with value: 0.0007412819042099656 and parameters: {'n_estimators': 50, 'max_samples': 0.8081564555172233, 'max_features': 0.8725402545030236, 'contamination': 0.06605888739416133}. Best is trial 51 with value: 0.0007799846561036605.
[I 2025-09-26 04:28:46,280] Trial 88 finished with value: 0.0006506406352553178 and parameters: {'n_estimators': 110, 'max_samples': 0.757949660119064, 'max_features': 0.6263208780397204, 'contamination': 0.047228659769321404}. Best is trial 51 with value: 0.0007799846561036605.
[I 2025-09-26 04:28:57,921] Trial 89 finished with value: 0.0007398306545170675 and parameters: {'n_estimators': 94, 'max_samples': 0.6709319445039074, 'max_features': 0.949918855760565, 'contamination': 0.38110433965353063}. Best is trial 51 with value: 0.0007799846561036605.
[I 2025-09-26 04:29:06,863] Trial 90 finished with value: 0.0007236676520292499 and parameters: {'n_estimators': 71, 'max_samples': 0.7347397509983435, 'max_features': 0.849875493225872, 'contamination': 0.40887901036009394}. Best is trial 51 with value: 0.0007799846561036605.
[I 2025-09-26 04:29:14,077] Trial 91 finished with value: 0.0007861248995462322 and parameters: {'n_estimators': 60, 'max_samples': 0.6650976957120824, 'max_features': 0.9742829880479306, 'contamination': 0.12953075518259433}. Best is trial 91 with value: 0.0007861248995462322.
[I 2025-09-26 04:29:20,712] Trial 92 finished with value: 0.0007485306937016643 and parameters: {'n_estimators': 55, 'max_samples': 0.6831718730150247, 'max_features': 0.9699001508476968, 'contamination': 0.012084135582214167}. Best is trial 91 with value: 0.0007861248995462322.
[I 2025-09-26 04:29:30,750] Trial 93 finished with value: 0.0006771803082694818 and parameters: {'n_estimators': 73, 'max_samples': 0.9963995293697703, 'max_features': 0.9387361825130744, 'contamination': 0.1285323140066468}. Best is trial 91 with value: 0.0007861248995462322.
[I 2025-09-26 04:29:41,653] Trial 94 finished with value: 0.0007348765953763217 and parameters: {'n_estimators': 85, 'max_samples': 0.7717533343786611, 'max_features': 0.9175357861641581, 'contamination': 0.07594736557562873}. Best is trial 91 with value: 0.0007861248995462322.
[I 2025-09-26 04:29:48,603] Trial 95 finished with value: 0.0006760857379695275 and parameters: {'n_estimators': 62, 'max_samples': 0.6177449700672618, 'max_features': 0.9811894345894875, 'contamination': 0.2505641057872317}. Best is trial 91 with value: 0.0007861248995462322.
[I 2025-09-26 04:30:02,957] Trial 96 finished with value: 0.0007335452414620542 and parameters: {'n_estimators': 118, 'max_samples': 0.6714013212452451, 'max_features': 0.9550205613208749, 'contamination': 0.1740903653939796}. Best is trial 91 with value: 0.0007861248995462322.
[I 2025-09-26 04:30:34,443] Trial 97 finished with value: 0.0006522291701975783 and parameters: {'n_estimators': 291, 'max_samples': 0.6474544945585888, 'max_features': 0.9042111358034021, 'contamination': 0.1383118838802503}. Best is trial 91 with value: 0.0007861248995462322.
[I 2025-09-26 04:30:45,406] Trial 98 finished with value: 0.0006763302708059427 and parameters: {'n_estimators': 90, 'max_samples': 0.7235602936146184, 'max_features': 0.7420842985114032, 'contamination': 0.35368508278822147}. Best is trial 91 with value: 0.0007861248995462322.
[I 2025-09-26 04:31:42,340] Trial 99 finished with value: 0.0006989785865839127 and parameters: {'n_estimators': 454, 'max_samples': 0.7005984107681185, 'max_features': 0.9447195651263189, 'contamination': 0.19012213006508186}. Best is trial 91 with value: 0.0007861248995462322.
Best trial: 91. Best value: 0.000786125: 100%|████████████████████████████████████████████████████████████████████████████████████████████████████████████████████████████████████████████████████| 100/100 [27:51<00:00, 16.72s/it]
2025-09-26 04:31:42,446 - [TrustShield-Optimizer] - INFO - Optuna concluído: 100 trials, melhor score: 0.0008
2025-09-26 04:31:42,557 - [TrustShield-Optimizer] - INFO - Melhor modelo salvo: /app/outputs/optimization/optuna/best_model_20250926_043142.joblib
2025-09-26 04:31:42,771 - [TrustShield-Optimizer] - INFO - 💾 Melhor modelo salvo: /app/outputs/optimization/optuna/best_model_20250926_043142.joblib
2025-09-26 04:31:43,485 - [TrustShield-Optimizer] - INFO - 🎉 OTIMIZAÇÃO CONCLUÍDA em 1680.26s | Pico RAM: 6.70GB | Média trial: 16.70s
🏃 View run optimization_20250926-040343 at: http://mlflow:5000/#/experiments/3/runs/23681f71f0f84f07a36f2ff564c6fa43
🧪 View experiment at: http://mlflow:5000/#/experiments/3